{"uid":"2e164e0beffd4d6f","name":"test_order_create[user_data0-click_header_order_button]","fullName":"tests.test_order.TestOrder#test_order_create","historyId":"5db8e0414057f79deff14a7fea424851","time":{"start":1724844066868,"stop":1724844102825,"duration":35957},"status":"broken","statusMessage":"selenium.common.exceptions.TimeoutException: Message: \nStacktrace:\nRemoteError@chrome://remote/content/shared/RemoteError.sys.mjs:8:8\nWebDriverError@chrome://remote/content/shared/webdriver/Errors.sys.mjs:193:5\nNoSuchElementError@chrome://remote/content/shared/webdriver/Errors.sys.mjs:511:5\ndom.find/</<@chrome://remote/content/shared/DOM.sys.mjs:136:16","statusTrace":"self = <test_order.TestOrder object at 0x105ea40d0>, driver = <selenium.webdriver.firefox.webdriver.WebDriver (session=\"09e11fd9-f8cf-4ab3-8043-5f304c3840eb\")>\nmain_page_method = 'click_header_order_button', user_data = {'address': 'Город Улица', 'last_name': 'Фамилия', 'metro_station': '', 'name': 'Имя', ...}\n\n    @pytest.mark.parametrize('main_page_method',\n                             ('click_header_order_button', 'click_order_button'))\n    @pytest.mark.parametrize('user_data', (user_data[0], user_data[1]))\n    def test_order_create(self, driver, main_page_method, user_data):\n        main_page = self.open_main_page(driver)\n        getattr(main_page, main_page_method)()\n        assert driver.current_url == OrderPage.url\n    \n        order_page = OrderPage(driver)\n        order_page.set_user_info_form(**user_data)\n        order_page.click_button_next()\n        order_page.set_rent_form('Комментарий')\n>       order_page.click_modal_button_create()\n\ntests/test_order.py:41: \n_ _ _ _ _ _ _ _ _ _ _ _ _ _ _ _ _ _ _ _ _ _ _ _ _ _ _ _ _ _ _ _ _ _ _ _ _ _ _ _ _ _ _ _ _ _ _ _ _ _ _ _ _ _ _ _ _ _ _ _ _ _ _ _ _ _ _ _ _ _ _ _ _ _ _ _ _ _ _ _ _ _ _ _ _ _ _ _ \npages/order_page.py:84: in click_modal_button_create\n    self.find_element(self.page_locators.modal_button_create).click()\npages/base_page.py:22: in find_element\n    self._await(locator)\npages/base_page.py:19: in _await\n    WebDriverWait(self.driver, self.timeout).until(expected_conditions.visibility_of_element_located(locator))\n_ _ _ _ _ _ _ _ _ _ _ _ _ _ _ _ _ _ _ _ _ _ _ _ _ _ _ _ _ _ _ _ _ _ _ _ _ _ _ _ _ _ _ _ _ _ _ _ _ _ _ _ _ _ _ _ _ _ _ _ _ _ _ _ _ _ _ _ _ _ _ _ _ _ _ _ _ _ _ _ _ _ _ _ _ _ _ _ \n\nself = <selenium.webdriver.support.wait.WebDriverWait (session=\"09e11fd9-f8cf-4ab3-8043-5f304c3840eb\")>\nmethod = <function visibility_of_element_located.<locals>._predicate at 0x105e481f0>, message = ''\n\n    def until(self, method: Callable[[D], Union[Literal[False], T]], message: str = \"\") -> T:\n        \"\"\"Calls the method provided with the driver as an argument until the \\\n        return value does not evaluate to ``False``.\n    \n        :param method: callable(WebDriver)\n        :param message: optional message for :exc:`TimeoutException`\n        :returns: the result of the last call to `method`\n        :raises: :exc:`selenium.common.exceptions.TimeoutException` if timeout occurs\n        \"\"\"\n        screen = None\n        stacktrace = None\n    \n        end_time = time.monotonic() + self._timeout\n        while True:\n            try:\n                value = method(self._driver)\n                if value:\n                    return value\n            except self._ignored_exceptions as exc:\n                screen = getattr(exc, \"screen\", None)\n                stacktrace = getattr(exc, \"stacktrace\", None)\n            time.sleep(self._poll)\n            if time.monotonic() > end_time:\n                break\n>       raise TimeoutException(message, screen, stacktrace)\nE       selenium.common.exceptions.TimeoutException: Message: \nE       Stacktrace:\nE       RemoteError@chrome://remote/content/shared/RemoteError.sys.mjs:8:8\nE       WebDriverError@chrome://remote/content/shared/webdriver/Errors.sys.mjs:193:5\nE       NoSuchElementError@chrome://remote/content/shared/webdriver/Errors.sys.mjs:511:5\nE       dom.find/</<@chrome://remote/content/shared/DOM.sys.mjs:136:16\n\nvenv/lib/python3.9/site-packages/selenium/webdriver/support/wait.py:105: TimeoutException","flaky":false,"newFailed":false,"newBroken":false,"newPassed":false,"retriesCount":0,"retriesStatusChange":false,"beforeStages":[{"name":"driver_type","time":{"start":1724844065112,"stop":1724844065113,"duration":1},"status":"passed","steps":[],"attachments":[],"parameters":[],"stepsCount":0,"hasContent":false,"shouldDisplayMessage":false,"attachmentsCount":0,"attachmentStep":false},{"name":"headless","time":{"start":1724844065113,"stop":1724844065113,"duration":0},"status":"passed","steps":[],"attachments":[],"parameters":[],"stepsCount":0,"hasContent":false,"shouldDisplayMessage":false,"attachmentsCount":0,"attachmentStep":false},{"name":"driver","time":{"start":1724844065113,"stop":1724844066867,"duration":1754},"status":"passed","steps":[],"attachments":[],"parameters":[],"stepsCount":0,"hasContent":false,"shouldDisplayMessage":false,"attachmentsCount":0,"attachmentStep":false}],"testStage":{"status":"broken","statusMessage":"selenium.common.exceptions.TimeoutException: Message: \nStacktrace:\nRemoteError@chrome://remote/content/shared/RemoteError.sys.mjs:8:8\nWebDriverError@chrome://remote/content/shared/webdriver/Errors.sys.mjs:193:5\nNoSuchElementError@chrome://remote/content/shared/webdriver/Errors.sys.mjs:511:5\ndom.find/</<@chrome://remote/content/shared/DOM.sys.mjs:136:16","statusTrace":"self = <test_order.TestOrder object at 0x105ea40d0>, driver = <selenium.webdriver.firefox.webdriver.WebDriver (session=\"09e11fd9-f8cf-4ab3-8043-5f304c3840eb\")>\nmain_page_method = 'click_header_order_button', user_data = {'address': 'Город Улица', 'last_name': 'Фамилия', 'metro_station': '', 'name': 'Имя', ...}\n\n    @pytest.mark.parametrize('main_page_method',\n                             ('click_header_order_button', 'click_order_button'))\n    @pytest.mark.parametrize('user_data', (user_data[0], user_data[1]))\n    def test_order_create(self, driver, main_page_method, user_data):\n        main_page = self.open_main_page(driver)\n        getattr(main_page, main_page_method)()\n        assert driver.current_url == OrderPage.url\n    \n        order_page = OrderPage(driver)\n        order_page.set_user_info_form(**user_data)\n        order_page.click_button_next()\n        order_page.set_rent_form('Комментарий')\n>       order_page.click_modal_button_create()\n\ntests/test_order.py:41: \n_ _ _ _ _ _ _ _ _ _ _ _ _ _ _ _ _ _ _ _ _ _ _ _ _ _ _ _ _ _ _ _ _ _ _ _ _ _ _ _ _ _ _ _ _ _ _ _ _ _ _ _ _ _ _ _ _ _ _ _ _ _ _ _ _ _ _ _ _ _ _ _ _ _ _ _ _ _ _ _ _ _ _ _ _ _ _ _ \npages/order_page.py:84: in click_modal_button_create\n    self.find_element(self.page_locators.modal_button_create).click()\npages/base_page.py:22: in find_element\n    self._await(locator)\npages/base_page.py:19: in _await\n    WebDriverWait(self.driver, self.timeout).until(expected_conditions.visibility_of_element_located(locator))\n_ _ _ _ _ _ _ _ _ _ _ _ _ _ _ _ _ _ _ _ _ _ _ _ _ _ _ _ _ _ _ _ _ _ _ _ _ _ _ _ _ _ _ _ _ _ _ _ _ _ _ _ _ _ _ _ _ _ _ _ _ _ _ _ _ _ _ _ _ _ _ _ _ _ _ _ _ _ _ _ _ _ _ _ _ _ _ _ \n\nself = <selenium.webdriver.support.wait.WebDriverWait (session=\"09e11fd9-f8cf-4ab3-8043-5f304c3840eb\")>\nmethod = <function visibility_of_element_located.<locals>._predicate at 0x105e481f0>, message = ''\n\n    def until(self, method: Callable[[D], Union[Literal[False], T]], message: str = \"\") -> T:\n        \"\"\"Calls the method provided with the driver as an argument until the \\\n        return value does not evaluate to ``False``.\n    \n        :param method: callable(WebDriver)\n        :param message: optional message for :exc:`TimeoutException`\n        :returns: the result of the last call to `method`\n        :raises: :exc:`selenium.common.exceptions.TimeoutException` if timeout occurs\n        \"\"\"\n        screen = None\n        stacktrace = None\n    \n        end_time = time.monotonic() + self._timeout\n        while True:\n            try:\n                value = method(self._driver)\n                if value:\n                    return value\n            except self._ignored_exceptions as exc:\n                screen = getattr(exc, \"screen\", None)\n                stacktrace = getattr(exc, \"stacktrace\", None)\n            time.sleep(self._poll)\n            if time.monotonic() > end_time:\n                break\n>       raise TimeoutException(message, screen, stacktrace)\nE       selenium.common.exceptions.TimeoutException: Message: \nE       Stacktrace:\nE       RemoteError@chrome://remote/content/shared/RemoteError.sys.mjs:8:8\nE       WebDriverError@chrome://remote/content/shared/webdriver/Errors.sys.mjs:193:5\nE       NoSuchElementError@chrome://remote/content/shared/webdriver/Errors.sys.mjs:511:5\nE       dom.find/</<@chrome://remote/content/shared/DOM.sys.mjs:136:16\n\nvenv/lib/python3.9/site-packages/selenium/webdriver/support/wait.py:105: TimeoutException","steps":[{"name":"Открыть главную страницу","time":{"start":1724844066868,"stop":1724844068199,"duration":1331},"status":"passed","steps":[],"attachments":[],"parameters":[],"stepsCount":0,"hasContent":false,"shouldDisplayMessage":false,"attachmentsCount":0,"attachmentStep":false},{"name":"Кликнуть на кнопку создания заказа в хэдере","time":{"start":1724844068200,"stop":1724844068449,"duration":249},"status":"passed","steps":[],"attachments":[],"parameters":[],"stepsCount":0,"hasContent":false,"shouldDisplayMessage":false,"attachmentsCount":0,"attachmentStep":false},{"name":"Заполнить имя в форме","time":{"start":1724844068450,"stop":1724844068720,"duration":270},"status":"passed","steps":[],"attachments":[],"parameters":[{"name":"name","value":"'Имя'"}],"stepsCount":0,"hasContent":true,"shouldDisplayMessage":false,"attachmentsCount":0,"attachmentStep":false},{"name":"Заполнить фамилию в форме","time":{"start":1724844068720,"stop":1724844068968,"duration":248},"status":"passed","steps":[],"attachments":[],"parameters":[{"name":"last_name","value":"'Фамилия'"}],"stepsCount":0,"hasContent":true,"shouldDisplayMessage":false,"attachmentsCount":0,"attachmentStep":false},{"name":"Заполнить адрес в форме","time":{"start":1724844068968,"stop":1724844069220,"duration":252},"status":"passed","steps":[],"attachments":[],"parameters":[{"name":"address","value":"'Город Улица'"}],"stepsCount":0,"hasContent":true,"shouldDisplayMessage":false,"attachmentsCount":0,"attachmentStep":false},{"name":"Выбрать станцию метро в форме","time":{"start":1724844069220,"stop":1724844070183,"duration":963},"status":"passed","steps":[],"attachments":[],"parameters":[{"name":"metro_station","value":"''"}],"stepsCount":0,"hasContent":true,"shouldDisplayMessage":false,"attachmentsCount":0,"attachmentStep":false},{"name":"Заполнить номер телефона в форме","time":{"start":1724844070183,"stop":1724844070423,"duration":240},"status":"passed","steps":[],"attachments":[],"parameters":[{"name":"phone_number","value":"'89685591100'"}],"stepsCount":0,"hasContent":true,"shouldDisplayMessage":false,"attachmentsCount":0,"attachmentStep":false},{"name":"Нажать на кнопку \"Далее\" в форме","time":{"start":1724844070423,"stop":1724844070643,"duration":220},"status":"passed","steps":[],"attachments":[],"parameters":[],"stepsCount":0,"hasContent":false,"shouldDisplayMessage":false,"attachmentsCount":0,"attachmentStep":false},{"name":"Выбрать дату доставки в форме","time":{"start":1724844070643,"stop":1724844071108,"duration":465},"status":"passed","steps":[],"attachments":[],"parameters":[],"stepsCount":0,"hasContent":false,"shouldDisplayMessage":false,"attachmentsCount":0,"attachmentStep":false},{"name":"Выбрать период в форме","time":{"start":1724844071108,"stop":1724844072054,"duration":946},"status":"passed","steps":[],"attachments":[],"parameters":[],"stepsCount":0,"hasContent":false,"shouldDisplayMessage":false,"attachmentsCount":0,"attachmentStep":false},{"name":"Выбрать цвет самоката","time":{"start":1724844072055,"stop":1724844072305,"duration":250},"status":"passed","steps":[],"attachments":[],"parameters":[],"stepsCount":0,"hasContent":false,"shouldDisplayMessage":false,"attachmentsCount":0,"attachmentStep":false},{"name":"Заполнить комментарий в форме","time":{"start":1724844072305,"stop":1724844072555,"duration":250},"status":"passed","steps":[],"attachments":[],"parameters":[{"name":"comment","value":"'Комментарий'"}],"stepsCount":0,"hasContent":true,"shouldDisplayMessage":false,"attachmentsCount":0,"attachmentStep":false},{"name":"Нажать на кнопку \"Заказать\" в форме","time":{"start":1724844072555,"stop":1724844102817,"duration":30262},"status":"broken","statusMessage":"selenium.common.exceptions.TimeoutException: Message: \nStacktrace:\nRemoteError@chrome://remote/content/shared/RemoteError.sys.mjs:8:8\nWebDriverError@chrome://remote/content/shared/webdriver/Errors.sys.mjs:193:5\nNoSuchElementError@chrome://remote/content/shared/webdriver/Errors.sys.mjs:511:5\ndom.find/</<@chrome://remote/content/shared/DOM.sys.mjs:136:16\n\n","statusTrace":"  File \"/Users/aleksandrahlakov/PycharmProjects/Sprint_6/venv/lib/python3.9/site-packages/allure_commons/_allure.py\", line 192, in impl\n    return func(*a, **kw)\n  File \"/Users/aleksandrahlakov/PycharmProjects/Sprint_6/pages/order_page.py\", line 84, in click_modal_button_create\n    self.find_element(self.page_locators.modal_button_create).click()\n  File \"/Users/aleksandrahlakov/PycharmProjects/Sprint_6/pages/base_page.py\", line 22, in find_element\n    self._await(locator)\n  File \"/Users/aleksandrahlakov/PycharmProjects/Sprint_6/pages/base_page.py\", line 19, in _await\n    WebDriverWait(self.driver, self.timeout).until(expected_conditions.visibility_of_element_located(locator))\n  File \"/Users/aleksandrahlakov/PycharmProjects/Sprint_6/venv/lib/python3.9/site-packages/selenium/webdriver/support/wait.py\", line 105, in until\n    raise TimeoutException(message, screen, stacktrace)\n","steps":[],"attachments":[],"parameters":[],"stepsCount":0,"hasContent":true,"shouldDisplayMessage":true,"attachmentsCount":0,"attachmentStep":false}],"attachments":[],"parameters":[],"stepsCount":13,"hasContent":true,"shouldDisplayMessage":true,"attachmentsCount":0,"attachmentStep":false},"afterStages":[{"name":"driver::0","time":{"start":1724844102886,"stop":1724844103284,"duration":398},"status":"passed","steps":[],"attachments":[],"parameters":[],"stepsCount":0,"hasContent":false,"shouldDisplayMessage":false,"attachmentsCount":0,"attachmentStep":false}],"labels":[{"name":"parentSuite","value":"tests"},{"name":"suite","value":"test_order"},{"name":"subSuite","value":"TestOrder"},{"name":"host","value":"MacBook-Pro-Aleksandr.local"},{"name":"thread","value":"9403-MainThread"},{"name":"framework","value":"pytest"},{"name":"language","value":"cpython3"},{"name":"package","value":"tests.test_order"},{"name":"resultFormat","value":"allure2"}],"parameters":[{"name":"main_page_method","value":"'click_header_order_button'"},{"name":"user_data","value":"{'name': 'Имя', 'last_name': 'Фамилия', 'address': 'Город Улица', 'metro_station': '', 'phone_number': '89685591100'}"}],"links":[],"hidden":true,"retry":true,"extra":{"categories":[],"tags":[]},"source":"2e164e0beffd4d6f.json","parameterValues":["'click_header_order_button'","{'name': 'Имя', 'last_name': 'Фамилия', 'address': 'Город Улица', 'metro_station': '', 'phone_number': '89685591100'}"]}